Browserslist: caniuse-lite is outdated. Please run next command `yarn upgrade caniuse-lite browserslist`
npm ERR! code ELIFECYCLE
npm ERR! errno 2
npm ERR! electron-boilerplate@1.0.0 build: `webpack --mode development`
npm ERR! Exit status 2
npm ERR! 
npm ERR! Failed at the electron-boilerplate@1.0.0 build script.
npm ERR! This is probably not a problem with npm. There is likely additional logging output above.

npm ERR! A complete log of this run can be found in:
npm ERR!     /Users/tom/.npm/_logs/2020-11-14T01_23_13_627Z-debug.log
npm ERR! code ELIFECYCLE
npm ERR! errno 2
npm ERR! electron-boilerplate@1.0.0 postinstall: `npm run build`
npm ERR! Exit status 2
npm ERR! 
npm ERR! Failed at the electron-boilerplate@1.0.0 postinstall script.
npm ERR! This is probably not a problem with npm. There is likely additional logging output above.

npm ERR! A complete log of this run can be found in:
npm ERR!     /Users/tom/.npm/_logs/2020-11-14T01_23_13_674Z-debug.log
npm ERR! code ELIFECYCLE
npm ERR! errno 2
npm ERR! electron-boilerplate@1.0.0 postinstall: `cd ./electron; npm install`
npm ERR! Exit status 2
npm ERR! 
npm ERR! Failed at the electron-boilerplate@1.0.0 postinstall script.
npm ERR! This is probably not a problem with npm. There is likely additional logging output above.

npm ERR! A complete log of this run can be found in:
npm ERR!     /Users/tom/.npm/_logs/2020-11-14T01_23_13_727Z-debug.log
